{
  "RSpec": {
    "coverage": {
      "/mnt/c/Users/ferna/OneDrive/Documentos/bookstore/spec/controllers/authors_controller_spec.rb": [
        1,
        null,
        null,
        null,
        null,
        null,
        null,
        null,
        null,
        null,
        null,
        null,
        null,
        null,
        null,
        null,
        null,
        null,
        null,
        null,
        null,
        null,
        null,
        null,
        null,
        1,
        null,
        null,
        null,
        null,
        1,
        10,
        null,
        null,
        1,
        1,
        null,
        null,
        null,
        null,
        null,
        2,
        null,
        1,
        1,
        1,
        0,
        0,
        null,
        null,
        null,
        1,
        1,
        1,
        0,
        0,
        null,
        null,
        null,
        1,
        1,
        1,
        1,
        null,
        null,
        null,
        1,
        1,
        1,
        0,
        0,
        null,
        null,
        null,
        1,
        1,
        1,
        1,
        1,
        null,
        null,
        null,
        1,
        1,
        0,
        null,
        null,
        null,
        1,
        1,
        1,
        0,
        null,
        null,
        null,
        null,
        1,
        1,
        1,
        0,
        null,
        null,
        1,
        1,
        0,
        0,
        0,
        null,
        null,
        1,
        1,
        0,
        0,
        null,
        null,
        null,
        1,
        1,
        1,
        0,
        0,
        null,
        null,
        null,
        null,
        1,
        1,
        1,
        0,
        0,
        null,
        null,
        null,
        1,
        1,
        0,
        0,
        null,
        null,
        null,
        null
      ],
      "/mnt/c/Users/ferna/OneDrive/Documentos/bookstore/spec/rails_helper.rb": [
        null,
        1,
        1,
        1,
        null,
        1,
        1,
        null,
        null,
        null,
        null,
        null,
        null,
        null,
        null,
        null,
        null,
        null,
        null,
        null,
        null,
        null,
        null,
        null,
        null,
        null,
        null,
        1,
        null,
        0,
        0,
        null,
        1,
        null,
        1,
        null,
        null,
        null,
        null,
        1,
        null,
        null,
        null,
        null,
        null,
        null,
        null,
        null,
        null,
        null,
        null,
        null,
        null,
        null,
        1,
        null,
        null,
        1,
        null,
        null,
        null
      ],
      "/mnt/c/Users/ferna/OneDrive/Documentos/bookstore/config/environment.rb": [
        null,
        1,
        null,
        null,
        1
      ],
      "/mnt/c/Users/ferna/OneDrive/Documentos/bookstore/config/application.rb": [
        1,
        null,
        1,
        null,
        null,
        null,
        1,
        null,
        1,
        1,
        null,
        1,
        null,
        null,
        null,
        null,
        null,
        null,
        null
      ],
      "/mnt/c/Users/ferna/OneDrive/Documentos/bookstore/config/boot.rb": [
        1,
        null,
        1,
        1
      ],
      "/mnt/c/Users/ferna/OneDrive/Documentos/bookstore/config/environments/test.rb": [
        1,
        null,
        null,
        null,
        null,
        null,
        null,
        1,
        null,
        null,
        null,
        null,
        1,
        null,
        null,
        1,
        1,
        null,
        null,
        null,
        null,
        1,
        1,
        null,
        null,
        1,
        null,
        null,
        1,
        null,
        null,
        1,
        null,
        1,
        null,
        null,
        null,
        null,
        1,
        null,
        null,
        1,
        null,
        null,
        null,
        null
      ],
      "/mnt/c/Users/ferna/OneDrive/Documentos/bookstore/config/initializers/application_controller_renderer.rb": [
        null,
        null,
        null,
        null,
        null,
        null,
        null,
        null
      ],
      "/mnt/c/Users/ferna/OneDrive/Documentos/bookstore/config/initializers/assets.rb": [
        null,
        null,
        null,
        1,
        null,
        null,
        null,
        null,
        1,
        null,
        null,
        null,
        null,
        null
      ],
      "/mnt/c/Users/ferna/OneDrive/Documentos/bookstore/config/initializers/backtrace_silencers.rb": [
        null,
        null,
        null,
        null,
        null,
        null,
        null
      ],
      "/mnt/c/Users/ferna/OneDrive/Documentos/bookstore/config/initializers/content_security_policy.rb": [
        null,
        null,
        null,
        null,
        null,
        null,
        null,
        null,
        null,
        null,
        null,
        null,
        null,
        null,
        null,
        null,
        null,
        null,
        null,
        null,
        null,
        null,
        null,
        null,
        null
      ],
      "/mnt/c/Users/ferna/OneDrive/Documentos/bookstore/config/initializers/cookies_serializer.rb": [
        null,
        null,
        null,
        null,
        1
      ],
      "/mnt/c/Users/ferna/OneDrive/Documentos/bookstore/config/initializers/devise.rb": [
        null,
        null,
        null,
        null,
        1,
        null,
        null,
        null,
        null,
        null,
        null,
        null,
        null,
        null,
        null,
        null,
        null,
        null,
        null,
        null,
        1,
        null,
        null,
        null,
        null,
        null,
        null,
        null,
        null,
        null,
        null,
        null,
        1,
        null,
        null,
        null,
        null,
        null,
        null,
        null,
        null,
        null,
        null,
        null,
        null,
        null,
        null,
        null,
        null,
        null,
        null,
        null,
        null,
        null,
        1,
        null,
        null,
        null,
        null,
        1,
        null,
        null,
        null,
        null,
        null,
        null,
        null,
        null,
        null,
        null,
        null,
        null,
        null,
        null,
        null,
        null,
        null,
        null,
        null,
        null,
        null,
        null,
        null,
        null,
        null,
        null,
        null,
        null,
        null,
        null,
        1,
        null,
        null,
        null,
        null,
        null,
        null,
        null,
        null,
        null,
        null,
        null,
        null,
        null,
        null,
        null,
        null,
        null,
        null,
        null,
        null,
        null,
        null,
        1,
        null,
        null,
        null,
        null,
        null,
        null,
        null,
        null,
        null,
        null,
        null,
        null,
        null,
        null,
        null,
        null,
        null,
        null,
        null,
        null,
        null,
        null,
        null,
        null,
        null,
        null,
        null,
        null,
        null,
        null,
        null,
        null,
        null,
        1,
        null,
        null,
        null,
        null,
        null,
        null,
        null,
        null,
        null,
        1,
        null,
        null,
        null,
        null,
        null,
        null,
        null,
        null,
        null,
        null,
        1,
        null,
        null,
        null,
        null,
        1,
        null,
        null,
        null,
        null,
        null,
        null,
        null,
        null,
        null,
        null,
        null,
        null,
        null,
        null,
        null,
        null,
        null,
        null,
        null,
        null,
        null,
        null,
        null,
        null,
        null,
        null,
        null,
        null,
        null,
        null,
        null,
        null,
        null,
        null,
        null,
        null,
        null,
        null,
        null,
        null,
        1,
        null,
        null,
        null,
        null,
        null,
        null,
        null,
        null,
        null,
        null,
        null,
        null,
        null,
        null,
        null,
        null,
        null,
        null,
        null,
        null,
        null,
        null,
        null,
        null,
        null,
        null,
        null,
        null,
        null,
        null,
        null,
        null,
        null,
        null,
        null,
        null,
        null,
        null,
        null,
        null,
        null,
        1,
        null,
        null,
        null,
        null,
        null,
        null,
        null,
        null,
        null,
        null,
        null,
        null,
        null,
        null,
        null,
        null,
        null,
        null,
        null,
        null,
        null,
        null,
        null,
        null,
        null,
        null,
        null,
        null,
        null,
        null,
        null,
        null,
        null,
        null,
        null,
        null,
        null,
        null,
        null,
        null,
        null,
        null
      ],
      "/mnt/c/Users/ferna/OneDrive/Documentos/bookstore/config/initializers/filter_parameter_logging.rb": [
        null,
        null,
        null,
        1
      ],
      "/mnt/c/Users/ferna/OneDrive/Documentos/bookstore/config/initializers/inflections.rb": [
        null,
        null,
        null,
        null,
        null,
        null,
        null,
        null,
        null,
        null,
        null,
        null,
        null,
        null,
        null,
        null
      ],
      "/mnt/c/Users/ferna/OneDrive/Documentos/bookstore/config/initializers/mime_types.rb": [
        null,
        null,
        null,
        null
      ],
      "/mnt/c/Users/ferna/OneDrive/Documentos/bookstore/config/initializers/wrap_parameters.rb": [
        null,
        null,
        null,
        null,
        null,
        null,
        1,
        2,
        null,
        null,
        null,
        null,
        null,
        null
      ],
      "/mnt/c/Users/ferna/OneDrive/Documentos/bookstore/spec/factories/authors.rb": [
        1,
        1,
        1,
        null,
        null
      ],
      "/mnt/c/Users/ferna/OneDrive/Documentos/bookstore/spec/factories/books.rb": [
        1,
        1,
        null,
        null,
        null
      ],
      "/mnt/c/Users/ferna/OneDrive/Documentos/bookstore/spec/factories/categories.rb": [
        1,
        1,
        1,
        null,
        null
      ],
      "/mnt/c/Users/ferna/OneDrive/Documentos/bookstore/spec/factories/line_items.rb": [
        1,
        1,
        1,
        1,
        1,
        1,
        null,
        null
      ],
      "/mnt/c/Users/ferna/OneDrive/Documentos/bookstore/spec/factories/orders.rb": [
        1,
        1,
        1,
        1,
        1,
        1,
        1,
        1,
        null,
        null
      ],
      "/mnt/c/Users/ferna/OneDrive/Documentos/bookstore/spec/factories/users.rb": [
        1,
        1,
        null,
        null,
        null
      ],
      "/mnt/c/Users/ferna/OneDrive/Documentos/bookstore/config/routes.rb": [
        1,
        1,
        1,
        1,
        1,
        null,
        1,
        null
      ],
      "/mnt/c/Users/ferna/OneDrive/Documentos/bookstore/app/models/user.rb": [
        1,
        null,
        null,
        1,
        null,
        null
      ],
      "/mnt/c/Users/ferna/OneDrive/Documentos/bookstore/app/models/application_record.rb": [
        1,
        1,
        null
      ],
      "/mnt/c/Users/ferna/OneDrive/Documentos/bookstore/app/helpers/application_helper.rb": [
        1,
        null
      ],
      "/mnt/c/Users/ferna/OneDrive/Documentos/bookstore/app/helpers/authors_helper.rb": [
        1,
        null
      ],
      "/mnt/c/Users/ferna/OneDrive/Documentos/bookstore/app/helpers/books_helper.rb": [
        1,
        null
      ],
      "/mnt/c/Users/ferna/OneDrive/Documentos/bookstore/app/helpers/categories_helper.rb": [
        1,
        null
      ],
      "/mnt/c/Users/ferna/OneDrive/Documentos/bookstore/app/controllers/authors_controller.rb": [
        1,
        1,
        null,
        null,
        null,
        1,
        1,
        null,
        null,
        null,
        null,
        1,
        null,
        null,
        null,
        1,
        1,
        null,
        null,
        null,
        1,
        null,
        null,
        null,
        null,
        1,
        0,
        null,
        0,
        0,
        0,
        0,
        null,
        0,
        0,
        null,
        null,
        null,
        null,
        null,
        null,
        1,
        0,
        0,
        0,
        0,
        null,
        0,
        0,
        null,
        null,
        null,
        null,
        null,
        null,
        1,
        0,
        0,
        0,
        0,
        null,
        null,
        null,
        1,
        null,
        1,
        0,
        null,
        null,
        null,
        1,
        0,
        null,
        null
      ],
      "/mnt/c/Users/ferna/OneDrive/Documentos/bookstore/app/controllers/application_controller.rb": [
        1,
        null
      ],
      "/mnt/c/Users/ferna/OneDrive/Documentos/bookstore/spec/controllers/categories_controller_spec.rb": [
        1,
        null,
        null,
        null,
        null,
        null,
        null,
        null,
        null,
        null,
        null,
        null,
        null,
        null,
        null,
        null,
        null,
        null,
        null,
        null,
        null,
        null,
        null,
        null,
        null,
        1,
        null,
        null,
        null,
        null,
        1,
        10,
        null,
        null,
        1,
        1,
        null,
        null,
        null,
        null,
        null,
        2,
        null,
        1,
        1,
        1,
        0,
        0,
        null,
        null,
        null,
        1,
        1,
        1,
        0,
        0,
        null,
        null,
        null,
        1,
        1,
        1,
        1,
        null,
        null,
        null,
        1,
        1,
        1,
        0,
        0,
        null,
        null,
        null,
        1,
        1,
        1,
        1,
        1,
        null,
        null,
        null,
        1,
        1,
        0,
        null,
        null,
        null,
        1,
        1,
        1,
        0,
        null,
        null,
        null,
        null,
        1,
        1,
        1,
        0,
        null,
        null,
        1,
        1,
        0,
        0,
        0,
        null,
        null,
        1,
        1,
        0,
        0,
        null,
        null,
        null,
        1,
        1,
        1,
        0,
        0,
        null,
        null,
        null,
        null,
        1,
        1,
        1,
        0,
        0,
        null,
        null,
        null,
        1,
        1,
        0,
        0,
        null,
        null,
        null,
        null
      ],
      "/mnt/c/Users/ferna/OneDrive/Documentos/bookstore/app/controllers/categories_controller.rb": [
        1,
        1,
        null,
        null,
        null,
        1,
        1,
        null,
        null,
        null,
        null,
        1,
        null,
        null,
        null,
        1,
        1,
        null,
        null,
        null,
        1,
        null,
        null,
        null,
        null,
        1,
        0,
        null,
        0,
        0,
        0,
        0,
        null,
        0,
        0,
        null,
        null,
        null,
        null,
        null,
        null,
        1,
        0,
        0,
        0,
        0,
        null,
        0,
        0,
        null,
        null,
        null,
        null,
        null,
        null,
        1,
        0,
        0,
        0,
        0,
        null,
        null,
        null,
        1,
        null,
        1,
        0,
        null,
        null,
        null,
        1,
        0,
        null,
        null
      ],
      "/mnt/c/Users/ferna/OneDrive/Documentos/bookstore/spec/helpers/authors_helper_spec.rb": [
        1,
        null,
        null,
        null,
        null,
        null,
        null,
        null,
        null,
        null,
        null,
        null,
        1,
        1,
        null
      ],
      "/mnt/c/Users/ferna/OneDrive/Documentos/bookstore/spec/helpers/categories_helper_spec.rb": [
        1,
        null,
        null,
        null,
        null,
        null,
        null,
        null,
        null,
        null,
        null,
        null,
        1,
        1,
        null
      ],
      "/mnt/c/Users/ferna/OneDrive/Documentos/bookstore/spec/models/author_spec.rb": [
        1,
        1,
        null,
        1,
        1,
        2,
        null,
        null
      ],
      "/mnt/c/Users/ferna/OneDrive/Documentos/bookstore/app/models/author.rb": [
        1,
        1,
        null
      ],
      "/mnt/c/Users/ferna/OneDrive/Documentos/bookstore/spec/models/book_spec.rb": [
        1,
        1,
        null,
        1,
        1,
        2,
        2,
        null,
        1,
        2,
        2,
        2,
        2,
        null,
        null,
        null,
        null,
        null,
        null
      ],
      "/mnt/c/Users/ferna/OneDrive/Documentos/bookstore/app/models/book.rb": [
        1,
        1,
        1,
        1,
        1,
        1,
        null
      ],
      "/mnt/c/Users/ferna/OneDrive/Documentos/bookstore/spec/models/category_spec.rb": [
        1,
        1,
        null,
        1,
        1,
        2,
        null,
        null
      ],
      "/mnt/c/Users/ferna/OneDrive/Documentos/bookstore/app/models/category.rb": [
        1,
        1,
        null
      ],
      "/mnt/c/Users/ferna/OneDrive/Documentos/bookstore/spec/models/line_item_spec.rb": [
        1,
        1,
        null,
        1,
        2,
        2,
        null
      ],
      "/mnt/c/Users/ferna/OneDrive/Documentos/bookstore/app/models/line_item.rb": [
        1,
        1,
        1,
        null
      ],
      "/mnt/c/Users/ferna/OneDrive/Documentos/bookstore/spec/models/order_spec.rb": [
        1,
        1,
        null,
        1,
        2,
        2,
        2,
        2,
        2,
        2,
        null,
        1,
        2,
        2,
        null,
        null
      ],
      "/mnt/c/Users/ferna/OneDrive/Documentos/bookstore/app/models/order.rb": [
        1,
        1,
        1,
        1,
        1,
        1,
        1,
        null,
        1,
        1,
        null
      ],
      "/mnt/c/Users/ferna/OneDrive/Documentos/bookstore/spec/models/user_spec.rb": [
        1,
        1,
        null,
        1,
        null,
        null
      ],
      "/mnt/c/Users/ferna/OneDrive/Documentos/bookstore/spec/requests/authors_spec.rb": [
        1,
        null,
        1,
        1,
        1,
        1,
        1,
        null,
        null,
        null
      ],
      "/mnt/c/Users/ferna/OneDrive/Documentos/bookstore/spec/requests/categories_spec.rb": [
        1,
        null,
        1,
        1,
        1,
        1,
        1,
        null,
        null,
        null
      ],
      "/mnt/c/Users/ferna/OneDrive/Documentos/bookstore/spec/routing/authors_routing_spec.rb": [
        1,
        null,
        1,
        1,
        1,
        1,
        null,
        null,
        1,
        1,
        null,
        null,
        1,
        1,
        null,
        null,
        1,
        1,
        null,
        null,
        null,
        1,
        1,
        null,
        null,
        1,
        1,
        null,
        null,
        1,
        1,
        null,
        null,
        1,
        1,
        null,
        null,
        null
      ],
      "/mnt/c/Users/ferna/OneDrive/Documentos/bookstore/spec/routing/categories_routing_spec.rb": [
        1,
        null,
        1,
        1,
        1,
        1,
        null,
        null,
        1,
        1,
        null,
        null,
        1,
        1,
        null,
        null,
        1,
        1,
        null,
        null,
        null,
        1,
        1,
        null,
        null,
        1,
        1,
        null,
        null,
        1,
        1,
        null,
        null,
        1,
        1,
        null,
        null,
        null
      ],
      "/mnt/c/Users/ferna/OneDrive/Documentos/bookstore/spec/views/authors/edit.html.erb_spec.rb": [
        1,
        null,
        1,
        1,
        1,
        null,
        null,
        null,
        null,
        1,
        1,
        null,
        1,
        null,
        1,
        null,
        null,
        null
      ],
      "/mnt/c/Users/ferna/OneDrive/Documentos/bookstore/spec/views/authors/index.html.erb_spec.rb": [
        1,
        null,
        1,
        1,
        1,
        null,
        null,
        null,
        null,
        null,
        null,
        null,
        null,
        null,
        1,
        1,
        1,
        null,
        null
      ],
      "/mnt/c/Users/ferna/OneDrive/Documentos/bookstore/spec/views/authors/new.html.erb_spec.rb": [
        1,
        null,
        1,
        1,
        1,
        null,
        null,
        null,
        null,
        1,
        1,
        null,
        1,
        null,
        1,
        null,
        null,
        null
      ],
      "/mnt/c/Users/ferna/OneDrive/Documentos/bookstore/spec/views/authors/show.html.erb_spec.rb": [
        1,
        null,
        1,
        1,
        1,
        null,
        null,
        null,
        null,
        1,
        1,
        1,
        null,
        null
      ],
      "/mnt/c/Users/ferna/OneDrive/Documentos/bookstore/spec/views/categories/edit.html.erb_spec.rb": [
        1,
        null,
        1,
        1,
        1,
        null,
        null,
        null,
        null,
        1,
        1,
        null,
        1,
        null,
        1,
        null,
        null,
        null
      ],
      "/mnt/c/Users/ferna/OneDrive/Documentos/bookstore/spec/views/categories/index.html.erb_spec.rb": [
        1,
        null,
        1,
        1,
        1,
        null,
        null,
        null,
        null,
        null,
        null,
        null,
        null,
        null,
        1,
        1,
        1,
        null,
        null
      ],
      "/mnt/c/Users/ferna/OneDrive/Documentos/bookstore/spec/views/categories/new.html.erb_spec.rb": [
        1,
        null,
        1,
        1,
        1,
        null,
        null,
        null,
        null,
        1,
        1,
        null,
        1,
        null,
        1,
        null,
        null,
        null
      ],
      "/mnt/c/Users/ferna/OneDrive/Documentos/bookstore/spec/views/categories/show.html.erb_spec.rb": [
        1,
        null,
        1,
        1,
        1,
        null,
        null,
        null,
        null,
        1,
        1,
        1,
        null,
        null
      ]
    },
    "timestamp": 1560623796
  }
}
