{
  "RSpec": {
    "coverage": {
      "/home/oem/Documentos/Documents/UENF/7ºperíodo/Teste de Software/bookstore/spec/models/order_spec.rb": [
        1,
        null,
        1,
        2,
        2,
        2,
        2,
        2,
        2,
        null,
        1,
        2,
        2,
        null,
        null
      ],
      "/home/oem/Documentos/Documents/UENF/7ºperíodo/Teste de Software/bookstore/spec/rails_helper.rb": [
        null,
        1,
        1,
        1,
        null,
        1,
        1,
        null,
        null,
        null,
        null,
        null,
        null,
        null,
        null,
        null,
        null,
        null,
        null,
        null,
        null,
        null,
        null,
        null,
        null,
        null,
        null,
        1,
        null,
        0,
        0,
        null,
        1,
        null,
        1,
        null,
        null,
        null,
        null,
        1,
        null,
        null,
        null,
        null,
        null,
        null,
        null,
        null,
        null,
        null,
        null,
        null,
        null,
        null,
        1,
        null,
        null,
        1,
        null,
        null,
        null
      ],
      "/home/oem/Documentos/Documents/UENF/7ºperíodo/Teste de Software/bookstore/config/environment.rb": [
        null,
        1,
        null,
        null,
        1
      ],
      "/home/oem/Documentos/Documents/UENF/7ºperíodo/Teste de Software/bookstore/config/application.rb": [
        1,
        null,
        1,
        null,
        null,
        null,
        1,
        null,
        1,
        1,
        null,
        1,
        null,
        null,
        null,
        null,
        null,
        null,
        null
      ],
      "/home/oem/Documentos/Documents/UENF/7ºperíodo/Teste de Software/bookstore/config/boot.rb": [
        1,
        null,
        1,
        1
      ],
      "/home/oem/Documentos/Documents/UENF/7ºperíodo/Teste de Software/bookstore/config/environments/test.rb": [
        1,
        null,
        null,
        null,
        null,
        null,
        null,
        1,
        null,
        null,
        null,
        null,
        1,
        null,
        null,
        1,
        1,
        null,
        null,
        null,
        null,
        1,
        1,
        null,
        null,
        1,
        null,
        null,
        1,
        null,
        null,
        1,
        null,
        1,
        null,
        null,
        null,
        null,
        1,
        null,
        null,
        1,
        null,
        null,
        null,
        null
      ],
      "/home/oem/Documentos/Documents/UENF/7ºperíodo/Teste de Software/bookstore/config/initializers/application_controller_renderer.rb": [
        null,
        null,
        null,
        null,
        null,
        null,
        null,
        null
      ],
      "/home/oem/Documentos/Documents/UENF/7ºperíodo/Teste de Software/bookstore/config/initializers/assets.rb": [
        null,
        null,
        null,
        1,
        null,
        null,
        null,
        null,
        1,
        null,
        null,
        null,
        null,
        null
      ],
      "/home/oem/Documentos/Documents/UENF/7ºperíodo/Teste de Software/bookstore/config/initializers/backtrace_silencers.rb": [
        null,
        null,
        null,
        null,
        null,
        null,
        null
      ],
      "/home/oem/Documentos/Documents/UENF/7ºperíodo/Teste de Software/bookstore/config/initializers/content_security_policy.rb": [
        null,
        null,
        null,
        null,
        null,
        null,
        null,
        null,
        null,
        null,
        null,
        null,
        null,
        null,
        null,
        null,
        null,
        null,
        null,
        null,
        null,
        null,
        null,
        null,
        null
      ],
      "/home/oem/Documentos/Documents/UENF/7ºperíodo/Teste de Software/bookstore/config/initializers/cookies_serializer.rb": [
        null,
        null,
        null,
        null,
        1
      ],
      "/home/oem/Documentos/Documents/UENF/7ºperíodo/Teste de Software/bookstore/config/initializers/devise.rb": [
        null,
        null,
        null,
        null,
        1,
        null,
        null,
        null,
        null,
        null,
        null,
        null,
        null,
        null,
        null,
        null,
        null,
        null,
        null,
        null,
        1,
        null,
        null,
        null,
        null,
        null,
        null,
        null,
        null,
        null,
        null,
        null,
        1,
        null,
        null,
        null,
        null,
        null,
        null,
        null,
        null,
        null,
        null,
        null,
        null,
        null,
        null,
        null,
        null,
        null,
        null,
        null,
        null,
        null,
        1,
        null,
        null,
        null,
        null,
        1,
        null,
        null,
        null,
        null,
        null,
        null,
        null,
        null,
        null,
        null,
        null,
        null,
        null,
        null,
        null,
        null,
        null,
        null,
        null,
        null,
        null,
        null,
        null,
        null,
        null,
        null,
        null,
        null,
        null,
        null,
        1,
        null,
        null,
        null,
        null,
        null,
        null,
        null,
        null,
        null,
        null,
        null,
        null,
        null,
        null,
        null,
        null,
        null,
        null,
        null,
        null,
        null,
        null,
        1,
        null,
        null,
        null,
        null,
        null,
        null,
        null,
        null,
        null,
        null,
        null,
        null,
        null,
        null,
        null,
        null,
        null,
        null,
        null,
        null,
        null,
        null,
        null,
        null,
        null,
        null,
        null,
        null,
        null,
        null,
        null,
        null,
        null,
        1,
        null,
        null,
        null,
        null,
        null,
        null,
        null,
        null,
        null,
        1,
        null,
        null,
        null,
        null,
        null,
        null,
        null,
        null,
        null,
        null,
        1,
        null,
        null,
        null,
        null,
        1,
        null,
        null,
        null,
        null,
        null,
        null,
        null,
        null,
        null,
        null,
        null,
        null,
        null,
        null,
        null,
        null,
        null,
        null,
        null,
        null,
        null,
        null,
        null,
        null,
        null,
        null,
        null,
        null,
        null,
        null,
        null,
        null,
        null,
        null,
        null,
        null,
        null,
        null,
        null,
        null,
        1,
        null,
        null,
        null,
        null,
        null,
        null,
        null,
        null,
        null,
        null,
        null,
        null,
        null,
        null,
        null,
        null,
        null,
        null,
        null,
        null,
        null,
        null,
        null,
        null,
        null,
        null,
        null,
        null,
        null,
        null,
        null,
        null,
        null,
        null,
        null,
        null,
        null,
        null,
        null,
        null,
        null,
        1,
        null,
        null,
        null,
        null,
        null,
        null,
        null,
        null,
        null,
        null,
        null,
        null,
        null,
        null,
        null,
        null,
        null,
        null,
        null,
        null,
        null,
        null,
        null,
        null,
        null,
        null,
        null,
        null,
        null,
        null,
        null,
        null,
        null,
        null,
        null,
        null,
        null,
        null,
        null,
        null,
        null,
        null
      ],
      "/home/oem/Documentos/Documents/UENF/7ºperíodo/Teste de Software/bookstore/config/initializers/filter_parameter_logging.rb": [
        null,
        null,
        null,
        1
      ],
      "/home/oem/Documentos/Documents/UENF/7ºperíodo/Teste de Software/bookstore/config/initializers/inflections.rb": [
        null,
        null,
        null,
        null,
        null,
        null,
        null,
        null,
        null,
        null,
        null,
        null,
        null,
        null,
        null,
        null
      ],
      "/home/oem/Documentos/Documents/UENF/7ºperíodo/Teste de Software/bookstore/config/initializers/mime_types.rb": [
        null,
        null,
        null,
        null
      ],
      "/home/oem/Documentos/Documents/UENF/7ºperíodo/Teste de Software/bookstore/config/initializers/wrap_parameters.rb": [
        null,
        null,
        null,
        null,
        null,
        null,
        1,
        2,
        null,
        null,
        null,
        null,
        null,
        null
      ],
      "/home/oem/Documentos/Documents/UENF/7ºperíodo/Teste de Software/bookstore/spec/factories/authors.rb": [
        1,
        1,
        1,
        null,
        null
      ],
      "/home/oem/Documentos/Documents/UENF/7ºperíodo/Teste de Software/bookstore/spec/factories/books.rb": [
        1,
        1,
        null,
        null,
        null
      ],
      "/home/oem/Documentos/Documents/UENF/7ºperíodo/Teste de Software/bookstore/spec/factories/categories.rb": [
        1,
        1,
        1,
        null,
        null
      ],
      "/home/oem/Documentos/Documents/UENF/7ºperíodo/Teste de Software/bookstore/spec/factories/line_items.rb": [
        1,
        1,
        1,
        1,
        1,
        1,
        null,
        null
      ],
      "/home/oem/Documentos/Documents/UENF/7ºperíodo/Teste de Software/bookstore/spec/factories/orders.rb": [
        1,
        1,
        1,
        1,
        1,
        1,
        1,
        1,
        null,
        null
      ],
      "/home/oem/Documentos/Documents/UENF/7ºperíodo/Teste de Software/bookstore/spec/factories/users.rb": [
        1,
        1,
        null,
        null,
        null
      ],
      "/home/oem/Documentos/Documents/UENF/7ºperíodo/Teste de Software/bookstore/config/routes.rb": [
        1,
        1,
        1,
        1,
        1,
        null,
        null
      ],
      "/home/oem/Documentos/Documents/UENF/7ºperíodo/Teste de Software/bookstore/app/models/user.rb": [
        1,
        null,
        null,
        1,
        null,
        null
      ],
      "/home/oem/Documentos/Documents/UENF/7ºperíodo/Teste de Software/bookstore/app/models/application_record.rb": [
        1,
        1,
        null
      ],
      "/home/oem/Documentos/Documents/UENF/7ºperíodo/Teste de Software/bookstore/app/helpers/application_helper.rb": [
        1,
        null
      ],
      "/home/oem/Documentos/Documents/UENF/7ºperíodo/Teste de Software/bookstore/app/helpers/authors_helper.rb": [
        1,
        null
      ],
      "/home/oem/Documentos/Documents/UENF/7ºperíodo/Teste de Software/bookstore/app/helpers/books_helper.rb": [
        1,
        null
      ],
      "/home/oem/Documentos/Documents/UENF/7ºperíodo/Teste de Software/bookstore/app/helpers/categories_helper.rb": [
        1,
        null
      ],
      "/home/oem/Documentos/Documents/UENF/7ºperíodo/Teste de Software/bookstore/app/models/order.rb": [
        1,
        1,
        1,
        1,
        1,
        1,
        1,
        null,
        1,
        1,
        null
      ],
      "/home/oem/Documentos/Documents/UENF/7ºperíodo/Teste de Software/bookstore/app/models/line_item.rb": [
        1,
        1,
        1,
        null
      ]
    },
    "timestamp": 1560187121
  }
}
